{"contracts\\itemSale.sol":{"l":{"8":18,"9":14,"12":12,"13":8,"16":16,"17":14,"39":3,"40":3,"41":3,"42":3,"43":3,"44":3,"48":5,"49":3,"54":3,"55":3,"56":3,"60":2,"61":1,"64":1,"66":2,"70":12,"71":4,"72":2,"73":1,"76":1,"80":2,"81":1,"84":1,"87":4},"path":"C:\\uczenieSie\\dupaWielka\\ZadanieNextrope\\contracts\\itemSale.sol","s":{"1":18,"2":12,"3":16,"4":3,"5":3,"6":3,"7":3,"8":3,"9":3,"10":5,"11":3,"12":3,"13":3,"14":3,"15":2,"16":1,"17":1,"18":2,"19":12,"20":4,"21":2,"22":1,"23":1,"24":2,"25":1,"26":1,"27":4},"b":{"1":[14,4],"2":[8,4],"3":[14,2],"4":[3,2],"5":[3,0],"6":[1,1],"7":[4,8],"8":[2,2],"9":[1,1],"10":[1,1]},"f":{"1":18,"2":12,"3":16,"4":3,"5":5,"6":3,"7":2,"8":12},"fnMap":{"1":{"name":"onlyBuyer","line":7,"loc":{"start":{"line":7,"column":4},"end":{"line":10,"column":4}}},"2":{"name":"onlyPurchasingStage","line":11,"loc":{"start":{"line":11,"column":4},"end":{"line":14,"column":4}}},"3":{"name":"onlyBoughtStage","line":15,"loc":{"start":{"line":15,"column":4},"end":{"line":18,"column":4}}},"4":{"name":"constructor","line":38,"loc":{"start":{"line":38,"column":4},"end":{"line":45,"column":4}}},"5":{"name":"purchaseProductETH","line":47,"loc":{"start":{"line":47,"column":4},"end":{"line":50,"column":4}}},"6":{"name":"purchaseProductERC","line":53,"loc":{"start":{"line":53,"column":4},"end":{"line":57,"column":4}}},"7":{"name":"confirmItemReceived","line":59,"loc":{"start":{"line":59,"column":4},"end":{"line":67,"column":4}}},"8":{"name":"resolveDispute","line":69,"loc":{"start":{"line":69,"column":4},"end":{"line":88,"column":4}}}},"statementMap":{"1":{"start":{"line":8,"column":8},"end":{"line":8,"column":80}},"2":{"start":{"line":12,"column":8},"end":{"line":12,"column":112}},"3":{"start":{"line":16,"column":8},"end":{"line":16,"column":150}},"4":{"start":{"line":39,"column":8},"end":{"line":39,"column":36}},"5":{"start":{"line":40,"column":8},"end":{"line":40,"column":32}},"6":{"start":{"line":41,"column":8},"end":{"line":41,"column":30}},"7":{"start":{"line":42,"column":8},"end":{"line":42,"column":31}},"8":{"start":{"line":43,"column":8},"end":{"line":43,"column":27}},"9":{"start":{"line":44,"column":8},"end":{"line":44,"column":27}},"10":{"start":{"line":48,"column":8},"end":{"line":48,"column":67}},"11":{"start":{"line":49,"column":8},"end":{"line":49,"column":42}},"12":{"start":{"line":54,"column":8},"end":{"line":54,"column":76}},"13":{"start":{"line":55,"column":8},"end":{"line":55,"column":45}},"14":{"start":{"line":56,"column":8},"end":{"line":56,"column":42}},"15":{"start":{"line":60,"column":8},"end":{"line":60,"column":2159}},"16":{"start":{"line":61,"column":14},"end":{"line":61,"column":38}},"17":{"start":{"line":64,"column":14},"end":{"line":64,"column":45}},"18":{"start":{"line":66,"column":8},"end":{"line":66,"column":40}},"19":{"start":{"line":70,"column":8},"end":{"line":70,"column":90}},"20":{"start":{"line":71,"column":8},"end":{"line":71,"column":2562}},"21":{"start":{"line":72,"column":12},"end":{"line":72,"column":2599}},"22":{"start":{"line":73,"column":16},"end":{"line":73,"column":40}},"23":{"start":{"line":76,"column":16},"end":{"line":76,"column":47}},"24":{"start":{"line":80,"column":13},"end":{"line":80,"column":2831}},"25":{"start":{"line":81,"column":16},"end":{"line":81,"column":39}},"26":{"start":{"line":84,"column":16},"end":{"line":84,"column":46}},"27":{"start":{"line":87,"column":8},"end":{"line":87,"column":40}}},"branchMap":{"1":{"line":8,"type":"if","locations":[{"start":{"line":8,"column":8},"end":{"line":8,"column":8}},{"start":{"line":8,"column":8},"end":{"line":8,"column":8}}]},"2":{"line":12,"type":"if","locations":[{"start":{"line":12,"column":8},"end":{"line":12,"column":8}},{"start":{"line":12,"column":8},"end":{"line":12,"column":8}}]},"3":{"line":16,"type":"if","locations":[{"start":{"line":16,"column":8},"end":{"line":16,"column":8}},{"start":{"line":16,"column":8},"end":{"line":16,"column":8}}]},"4":{"line":48,"type":"if","locations":[{"start":{"line":48,"column":8},"end":{"line":48,"column":8}},{"start":{"line":48,"column":8},"end":{"line":48,"column":8}}]},"5":{"line":55,"type":"if","locations":[{"start":{"line":55,"column":8},"end":{"line":55,"column":8}},{"start":{"line":55,"column":8},"end":{"line":55,"column":8}}]},"6":{"line":60,"type":"if","locations":[{"start":{"line":60,"column":8},"end":{"line":60,"column":8}},{"start":{"line":60,"column":8},"end":{"line":60,"column":8}}]},"7":{"line":70,"type":"if","locations":[{"start":{"line":70,"column":8},"end":{"line":70,"column":8}},{"start":{"line":70,"column":8},"end":{"line":70,"column":8}}]},"8":{"line":71,"type":"if","locations":[{"start":{"line":71,"column":8},"end":{"line":71,"column":8}},{"start":{"line":71,"column":8},"end":{"line":71,"column":8}}]},"9":{"line":72,"type":"if","locations":[{"start":{"line":72,"column":12},"end":{"line":72,"column":12}},{"start":{"line":72,"column":12},"end":{"line":72,"column":12}}]},"10":{"line":80,"type":"if","locations":[{"start":{"line":80,"column":13},"end":{"line":80,"column":13}},{"start":{"line":80,"column":13},"end":{"line":80,"column":13}}]}}},"contracts\\polskiZloty.sol":{"l":{"7":3},"path":"C:\\uczenieSie\\dupaWielka\\ZadanieNextrope\\contracts\\polskiZloty.sol","s":{"1":3},"b":{},"f":{"1":3},"fnMap":{"1":{"name":"constructor","line":6,"loc":{"start":{"line":6,"column":4},"end":{"line":8,"column":4}}}},"statementMap":{"1":{"start":{"line":7,"column":8},"end":{"line":7,"column":36}}},"branchMap":{}}}